This is pdfTeX, Version 3.14159265-2.6-1.40.20 (MiKTeX 2.9.7140 64-bit) (preloaded format=pdflatex 2019.9.16)  12 SEP 2021 17:49
entering extended mode
**./project1current.tex
(project1current.tex
LaTeX2e <2018-12-01>

("C:\Users\Carl Petter Duedahl\AppData\Local\Programs\MiKTeX 2.9\tex/latex/revt
ex\revtex4-1.cls"
Document Class: revtex4-1 2010/07/25/20:33:00 4.1r (http://publish.aps.org/revt
ex4/ for documentation)
 Copyright (c) 2009 The American Physical Society.
 mailto:revtex@aps.org
 Licensed under the LPPL:
http://www.ctan.org/tex-archive/macros/latex/base/lppl.txt
 Arthur Ogawa <arthur_ogawa at sbcglobal dot net>
 Based on work by David Carlisle <david at dcarlisle.demon.co.uk>.
ltxutil[2010/07/25/20:33:00 4.1r utilities package (portions licensed from W. E
. Baxter web at superscript.com)]
LaTeX Info: Redefining \@centercr on input line 308.
Class revtex4-1 Info: Repairing broken LaTeX eqnarray on input line 358.
\eqncolsep=\skip41
Class revtex4-1 Info: Repairing hyperref-unfriendly LaTeX definition of \mpfoot
note on input line 433.
Class revtex4-1 Info: Repairing broken LateX \@sect on input line 755.
\intertabularlinepenalty=\count80
\@tbpen=\count81
\@arstrutbox@hline=\box27
Class revtex4-1 Info: Repairing broken LaTeX \@xbitor on input line 1786.
Class revtex4-1 Info: Making \typeout \long on input line 2046.
ltxfront[2010/07/25/20:33:00 4.1r frontmatter package (AO,DPC)]
\c@affil=\count82
\c@collab=\count83
\absbox=\box28
ltxgrid[2010/07/25/20:33:00 4.1r page grid package (portions licensed from W. E
. Baxter web at superscript.com)]
\c@linecount=\count84
\output@latex=\toks14
\box@size@1=\box29
\box@size@2=\box30
\@protection@box=\box31
\@topmark@saved=\toks15
\footins@saved=\box32
\footins@recovered=\box33
\column@recovered=\box34
\pagesofar=\box35
\footsofar=\box36
\pagegrid@col=\count85
Class revtex4-1 Info: Overriding \@vspace, \@vspacer, \@no@pgbk, \@newline, and
 \\  on input line 5578.
\c@part=\count86
\c@section=\count87
\c@subsection=\count88
\c@subsubsection=\count89
\c@paragraph=\count90
\c@subparagraph=\count91
\abovecaptionskip=\skip42
\belowcaptionskip=\skip43
\c@figure=\count92
\fbox@1=\box37
\c@table=\count93
\fbox@2=\box38
\c@video=\count94
\fbox@4=\box39
\@bibdataout=\write3
\widetext@top=\box40
\widetext@bot=\box41

Class revtex4-1 Warning: No Society specified, using default society aps.


("C:\Users\Carl Petter Duedahl\AppData\Local\Programs\MiKTeX 2.9\tex/latex/revt
ex\aps4-1.rtx"
File: aps4-1 2010/07/25/20:33:00 4.1r (http://publish.aps.org/revtex4/ for docu
mentation)
Class revtex4-1 Info: RevTeX society APS selected on input line 31.
)

Class revtex4-1 Warning: No journal specified, using default pra.

Class revtex4-1 Info: APS journal PRA selected on input line 7545.

Class revtex4-1 Warning: No type size specified, using default 10.


("C:\Users\Carl Petter Duedahl\AppData\Local\Programs\MiKTeX 2.9\tex/latex/revt
ex\aps10pt4-1.rtx"
File: aps10pt4-1 2010/07/25/20:33:00 4.1r (http://publish.aps.org/revtex4/ for 
documentation)
Class revtex4-1 Info: RevTeX pointsize 10pt selected on input line 30.
)
("C:\Users\Carl Petter Duedahl\AppData\Local\Programs\MiKTeX 2.9\tex/latex/text
case\textcase.sty"
Package: textcase 2019/09/14 v1.00 Text only upper/lower case changing (DPC)
)
("C:\Users\Carl Petter Duedahl\AppData\Local\Programs\MiKTeX 2.9\tex/latex/url\
url.sty"
\Urlmuskip=\muskip10
Package: url 2013/09/16  ver 3.4  Verb mode for urls, etc.
)
("C:\Users\Carl Petter Duedahl\AppData\Local\Programs\MiKTeX 2.9\tex/latex/natb
ib\natbib.sty"
Package: natbib 2010/09/13 8.31b (PWD, AO)
\bibhang=\skip44
\bibsep=\skip45
LaTeX Info: Redefining \cite on input line 694.
\c@NAT@ctr=\count95
)
Class revtex4-1 Info: Repairing natbib's \BibitemShut on input line 7549.

("C:\Users\Carl Petter Duedahl\AppData\Local\Programs\MiKTeX 2.9\tex/latex/revt
ex\revsymb4-1.sty"
Package: revsymb4-1 2010/07/25/20:33:00 4.1r (http://publish.aps.org/revtex4/ f
or documentation)
LaTeX Info: Redefining \REV@mathfrak on input line 119.
))
("C:\Users\Carl Petter Duedahl\AppData\Local\Programs\MiKTeX 2.9\tex/latex/tool
s\verbatim.sty"
Package: verbatim 2014/10/28 v1.5q LaTeX2e package for verbatim enhancements
\every@verbatim=\toks16
\verbatim@line=\toks17
\verbatim@in@stream=\read1
)
("C:\Users\Carl Petter Duedahl\AppData\Local\Programs\MiKTeX 2.9\tex/latex/base
\inputenc.sty"
Package: inputenc 2018/08/11 v1.3c Input encoding file
\inpenc@prehook=\toks18
\inpenc@posthook=\toks19
)
("C:\Users\Carl Petter Duedahl\AppData\Local\Programs\MiKTeX 2.9\tex/latex/phys
ics\physics.sty"
Package: physics 

("C:\Users\Carl Petter Duedahl\AppData\Local\Programs\MiKTeX 2.9\tex/latex/l3pa
ckages/xparse\xparse.sty"
("C:\Users\Carl Petter Duedahl\AppData\Local\Programs\MiKTeX 2.9\tex/latex/l3ke
rnel\expl3.sty"
Package: expl3 2020-08-07 L3 programming layer (loader) 

("C:\Users\Carl Petter Duedahl\AppData\Local\Programs\MiKTeX 2.9\tex/latex/l3ke
rnel\expl3-code.tex"
Package: expl3 2020-08-07 L3 programming layer (code)
\c_max_int=\count96
\l_tmpa_int=\count97
\l_tmpb_int=\count98
\g_tmpa_int=\count99
\g_tmpb_int=\count100
\l__seq_internal_a_int=\count101
\l__seq_internal_b_int=\count102
\g__kernel_prg_map_int=\count103
\c__ior_term_noprompt_ior=\count104
\c_log_iow=\count105
\l_iow_line_count_int=\count106
\l__iow_line_target_int=\count107
\l__iow_one_indent_int=\count108
\l__iow_indent_int=\count109
\c_zero_dim=\dimen102
\c_max_dim=\dimen103
\l_tmpa_dim=\dimen104
\l_tmpb_dim=\dimen105
\g_tmpa_dim=\dimen106
\g_tmpb_dim=\dimen107
\c_zero_skip=\skip46
\c_max_skip=\skip47
\l_tmpa_skip=\skip48
\l_tmpb_skip=\skip49
\g_tmpa_skip=\skip50
\g_tmpb_skip=\skip51
\c_zero_muskip=\muskip11
\c_max_muskip=\muskip12
\l_tmpa_muskip=\muskip13
\l_tmpb_muskip=\muskip14
\g_tmpa_muskip=\muskip15
\g_tmpb_muskip=\muskip16
\l_keys_choice_int=\count110
\l__intarray_loop_int=\count111
\c__intarray_sp_dim=\dimen108
\g__intarray_font_int=\count112
\c__fp_leading_shift_int=\count113
\c__fp_middle_shift_int=\count114
\c__fp_trailing_shift_int=\count115
\c__fp_big_leading_shift_int=\count116
\c__fp_big_middle_shift_int=\count117
\c__fp_big_trailing_shift_int=\count118
\c__fp_Bigg_leading_shift_int=\count119
\c__fp_Bigg_middle_shift_int=\count120
\c__fp_Bigg_trailing_shift_int=\count121
\c__kernel_randint_max_int=\count122
\g__fp_array_int=\count123
\l__fp_array_loop_int=\count124
\g__cctab_allocate_int=\count125
\l__sort_length_int=\count126
\l__sort_min_int=\count127
\l__sort_top_int=\count128
\l__sort_max_int=\count129
\l__sort_true_max_int=\count130
\l__sort_block_int=\count131
\l__sort_begin_int=\count132
\l__sort_end_int=\count133
\l__sort_A_int=\count134
\l__sort_B_int=\count135
\l__sort_C_int=\count136
\l__str_internal_int=\count137
\c__str_replacement_char_int=\count138
\l__tl_analysis_normal_int=\count139
\l__tl_analysis_index_int=\count140
\l__tl_analysis_nesting_int=\count141
\l__tl_analysis_type_int=\count142
\l__regex_internal_a_int=\count143
\l__regex_internal_b_int=\count144
\l__regex_internal_c_int=\count145
\l__regex_balance_int=\count146
\l__regex_group_level_int=\count147
\l__regex_mode_int=\count148
\c__regex_cs_in_class_mode_int=\count149
\c__regex_cs_mode_int=\count150
\l__regex_catcodes_int=\count151
\l__regex_default_catcodes_int=\count152
\c__regex_catcode_D_int=\count153
\c__regex_catcode_S_int=\count154
\c__regex_catcode_L_int=\count155
\c__regex_catcode_O_int=\count156
\c__regex_catcode_A_int=\count157
\c__regex_all_catcodes_int=\count158
\l__regex_show_lines_int=\count159
\l__regex_min_state_int=\count160
\l__regex_max_state_int=\count161
\l__regex_left_state_int=\count162
\l__regex_right_state_int=\count163
\l__regex_capturing_group_int=\count164
\l__regex_min_pos_int=\count165
\l__regex_max_pos_int=\count166
\l__regex_curr_pos_int=\count167
\l__regex_start_pos_int=\count168
\l__regex_success_pos_int=\count169
\l__regex_curr_char_int=\count170
\l__regex_curr_catcode_int=\count171
\l__regex_last_char_int=\count172
\l__regex_case_changed_char_int=\count173
\l__regex_curr_state_int=\count174
\l__regex_step_int=\count175
\l__regex_min_active_int=\count176
\l__regex_max_active_int=\count177
\l__regex_replacement_csnames_int=\count178
\l__regex_match_count_int=\count179
\l__regex_min_submatch_int=\count180
\l__regex_submatch_int=\count181
\l__regex_zeroth_submatch_int=\count182
\g__regex_trace_regex_int=\count183
\c_empty_box=\box42
\l_tmpa_box=\box43
\l_tmpb_box=\box44
\g_tmpa_box=\box45
\g_tmpb_box=\box46
\l__box_top_dim=\dimen109
\l__box_bottom_dim=\dimen110
\l__box_left_dim=\dimen111
\l__box_right_dim=\dimen112
\l__box_top_new_dim=\dimen113
\l__box_bottom_new_dim=\dimen114
\l__box_left_new_dim=\dimen115
\l__box_right_new_dim=\dimen116
\l__box_internal_box=\box47
\l__coffin_internal_box=\box48
\l__coffin_internal_dim=\dimen117
\l__coffin_offset_x_dim=\dimen118
\l__coffin_offset_y_dim=\dimen119
\l__coffin_x_dim=\dimen120
\l__coffin_y_dim=\dimen121
\l__coffin_x_prime_dim=\dimen122
\l__coffin_y_prime_dim=\dimen123
\c_empty_coffin=\box49
\l__coffin_aligned_coffin=\box50
\l__coffin_aligned_internal_coffin=\box51
\l_tmpa_coffin=\box52
\l_tmpb_coffin=\box53
\g_tmpa_coffin=\box54
\g_tmpb_coffin=\box55
\l__coffin_bounding_shift_dim=\dimen124
\l__coffin_left_corner_dim=\dimen125
\l__coffin_right_corner_dim=\dimen126
\l__coffin_bottom_corner_dim=\dimen127
\l__coffin_top_corner_dim=\dimen128
\l__coffin_scaled_total_height_dim=\dimen129
\l__coffin_scaled_width_dim=\dimen130
\c__coffin_empty_coffin=\box56
\l__coffin_display_coffin=\box57
\l__coffin_display_coord_coffin=\box58
\l__coffin_display_pole_coffin=\box59
\l__coffin_display_offset_dim=\dimen131
\l__coffin_display_x_dim=\dimen132
\l__coffin_display_y_dim=\dimen133
\g__char_data_ior=\read2

("C:\Users\Carl Petter Duedahl\AppData\Local\Programs\MiKTeX 2.9\tex/latex/l3ke
rnel\l3deprecation.def"
File: l3deprecation.def 2019-04-06 v L3 Deprecated functions
))
("C:\Users\Carl Petter Duedahl\AppData\Local\Programs\MiKTeX 2.9\tex/latex/l3ba
ckend\l3backend-pdfmode.def"
File: l3backend-pdfmode.def 2020-08-07 L3 backend support: PDF mode
\l__kernel_color_stack_int=\count184
\l__pdf_internal_box=\box60
))
Package: xparse 2020-05-15 L3 Experimental document command parser

("C:\Users\Carl Petter Duedahl\AppData\Local\Programs\MiKTeX 2.9\tex/latex/l3pa
ckages/xparse\xparse-generic.tex"
\l__xparse_current_arg_int=\count185
\g__xparse_grabber_int=\count186
\l__xparse_m_args_int=\count187
\l__xparse_v_nesting_int=\count188
))
("C:\Users\Carl Petter Duedahl\AppData\Local\Programs\MiKTeX 2.9\tex/latex/amsm
ath\amsmath.sty"
Package: amsmath 2018/12/01 v2.17b AMS math features
\@mathmargin=\skip52

For additional information on amsmath, use the `?' option.

("C:\Users\Carl Petter Duedahl\AppData\Local\Programs\MiKTeX 2.9\tex/latex/amsm
ath\amstext.sty"
Package: amstext 2000/06/29 v2.01 AMS text

("C:\Users\Carl Petter Duedahl\AppData\Local\Programs\MiKTeX 2.9\tex/latex/amsm
ath\amsgen.sty"
File: amsgen.sty 1999/11/30 v2.0 generic functions
\@emptytoks=\toks20
\ex@=\dimen134
)
LaTeX Info: Redefining \text on input line 28.
)
("C:\Users\Carl Petter Duedahl\AppData\Local\Programs\MiKTeX 2.9\tex/latex/amsm
ath\amsbsy.sty"
Package: amsbsy 1999/11/29 v1.2d Bold Symbols
\pmbraise@=\dimen135
)
("C:\Users\Carl Petter Duedahl\AppData\Local\Programs\MiKTeX 2.9\tex/latex/amsm
ath\amsopn.sty"
Package: amsopn 2016/03/08 v2.02 operator names
)
\inf@bad=\count189
LaTeX Info: Redefining \frac on input line 223.
\uproot@=\count190
\leftroot@=\count191
LaTeX Info: Redefining \overline on input line 385.
\classnum@=\count192
\DOTSCASE@=\count193
LaTeX Info: Redefining \ldots on input line 482.
LaTeX Info: Redefining \dots on input line 485.
LaTeX Info: Redefining \cdots on input line 606.
\Mathstrutbox@=\box61
\strutbox@=\box62
\big@size=\dimen136
LaTeX Font Info:    Redeclaring font encoding OML on input line 729.
LaTeX Font Info:    Redeclaring font encoding OMS on input line 730.
\macc@depth=\count194
\c@MaxMatrixCols=\count195
\dotsspace@=\muskip17
\c@parentequation=\count196
\dspbrk@lvl=\count197
\tag@help=\toks21
\row@=\count198
\column@=\count199
\maxfields@=\count266
\andhelp@=\toks22
\eqnshift@=\dimen137
\alignsep@=\dimen138
\tagshift@=\dimen139
\tagwidth@=\dimen140
\totwidth@=\dimen141
\lineht@=\dimen142
\@envbody=\toks23
\multlinegap=\skip53
\multlinetaggap=\skip54
\mathdisplay@stack=\toks24
LaTeX Info: Redefining \[ on input line 2844.
LaTeX Info: Redefining \] on input line 2845.
))
("C:\Users\Carl Petter Duedahl\AppData\Local\Programs\MiKTeX 2.9\tex/latex/amsf
onts\amssymb.sty"
Package: amssymb 2013/01/14 v3.01 AMS font symbols

("C:\Users\Carl Petter Duedahl\AppData\Local\Programs\MiKTeX 2.9\tex/latex/amsf
onts\amsfonts.sty"
Package: amsfonts 2013/01/14 v3.01 Basic AMSFonts support
\symAMSa=\mathgroup4
\symAMSb=\mathgroup5
LaTeX Font Info:    Overwriting math alphabet `\mathfrak' in version `bold'
(Font)                  U/euf/m/n --> U/euf/b/n on input line 106.
LaTeX Info: Redefining \frak on input line 111.
LaTeX Info: Redefining \Bbb on input line 113.
))
\@input{amsmath.aux}
\openout2 = `amsmath.aux'.

No file amsmath.tex.

("C:\Users\Carl Petter Duedahl\AppData\Local\Programs\MiKTeX 2.9\tex/latex/grap
hics\graphicx.sty"
Package: graphicx 2017/06/01 v1.1a Enhanced LaTeX Graphics (DPC,SPQR)

("C:\Users\Carl Petter Duedahl\AppData\Local\Programs\MiKTeX 2.9\tex/latex/grap
hics\keyval.sty"
Package: keyval 2014/10/28 v1.15 key=value parser (DPC)
\KV@toks@=\toks25
)
("C:\Users\Carl Petter Duedahl\AppData\Local\Programs\MiKTeX 2.9\tex/latex/grap
hics\graphics.sty"
Package: graphics 2017/06/25 v1.2c Standard LaTeX Graphics (DPC,SPQR)

("C:\Users\Carl Petter Duedahl\AppData\Local\Programs\MiKTeX 2.9\tex/latex/grap
hics\trig.sty"
Package: trig 2016/01/03 v1.10 sin cos tan (DPC)
)
("C:\Users\Carl Petter Duedahl\AppData\Local\Programs\MiKTeX 2.9\tex/latex/grap
hics-cfg\graphics.cfg"
File: graphics.cfg 2016/06/04 v1.11 sample graphics configuration
)
Package graphics Info: Driver file: pdftex.def on input line 99.

("C:\Users\Carl Petter Duedahl\AppData\Local\Programs\MiKTeX 2.9\tex/latex/grap
hics-def\pdftex.def"
File: pdftex.def 2018/01/08 v1.0l Graphics/color driver for pdftex
))
\Gin@req@height=\dimen143
\Gin@req@width=\dimen144
)
("C:\Users\Carl Petter Duedahl\AppData\Local\Programs\MiKTeX 2.9\tex/latex/xcol
or\xcolor.sty"
Package: xcolor 2016/05/11 v2.12 LaTeX color extensions (UK)

("C:\Users\Carl Petter Duedahl\AppData\Local\Programs\MiKTeX 2.9\tex/latex/grap
hics-cfg\color.cfg"
File: color.cfg 2016/01/02 v1.6 sample color configuration
)
Package xcolor Info: Driver file: pdftex.def on input line 225.
Package xcolor Info: Model `cmy' substituted by `cmy0' on input line 1348.
Package xcolor Info: Model `hsb' substituted by `rgb' on input line 1352.
Package xcolor Info: Model `RGB' extended on input line 1364.
Package xcolor Info: Model `HTML' substituted by `rgb' on input line 1366.
Package xcolor Info: Model `Hsb' substituted by `hsb' on input line 1367.
Package xcolor Info: Model `tHsb' substituted by `hsb' on input line 1368.
Package xcolor Info: Model `HSB' substituted by `hsb' on input line 1369.
Package xcolor Info: Model `Gray' substituted by `gray' on input line 1370.
Package xcolor Info: Model `wave' substituted by `hsb' on input line 1371.
)
("C:\Users\Carl Petter Duedahl\AppData\Local\Programs\MiKTeX 2.9\tex/latex/hype
rref\hyperref.sty"
Package: hyperref 2019/06/12 v6.88h Hypertext links for LaTeX

("C:\Users\Carl Petter Duedahl\AppData\Local\Programs\MiKTeX 2.9\tex/generic/ob
erdiek\hobsub-hyperref.sty"
Package: hobsub-hyperref 2016/05/16 v1.14 Bundle oberdiek, subset hyperref (HO)


("C:\Users\Carl Petter Duedahl\AppData\Local\Programs\MiKTeX 2.9\tex/generic/ob
erdiek\hobsub-generic.sty"
Package: hobsub-generic 2016/05/16 v1.14 Bundle oberdiek, subset generic (HO)
Package: hobsub 2016/05/16 v1.14 Construct package bundles (HO)
Package: infwarerr 2016/05/16 v1.4 Providing info/warning/error messages (HO)
Package: ltxcmds 2016/05/16 v1.23 LaTeX kernel commands for general use (HO)
Package: ifluatex 2016/05/16 v1.4 Provides the ifluatex switch (HO)
Package ifluatex Info: LuaTeX not detected.
Package: ifvtex 2016/05/16 v1.6 Detect VTeX and its facilities (HO)
Package ifvtex Info: VTeX not detected.
Package: intcalc 2016/05/16 v1.2 Expandable calculations with integers (HO)
Package: ifpdf 2018/09/07 v3.3 Provides the ifpdf switch
Package: etexcmds 2016/05/16 v1.6 Avoid name clashes with e-TeX commands (HO)
Package: kvsetkeys 2016/05/16 v1.17 Key value parser (HO)
Package: kvdefinekeys 2016/05/16 v1.4 Define keys (HO)
Package: pdftexcmds 2019/07/25 v0.30 Utility functions of pdfTeX for LuaTeX (HO
)
Package pdftexcmds Info: LuaTeX not detected.
Package pdftexcmds Info: \pdf@primitive is available.
Package pdftexcmds Info: \pdf@ifprimitive is available.
Package pdftexcmds Info: \pdfdraftmode found.
Package: pdfescape 2016/05/16 v1.14 Implements pdfTeX's escape features (HO)
Package: bigintcalc 2016/05/16 v1.4 Expandable calculations on big integers (HO
)
Package: bitset 2016/05/16 v1.2 Handle bit-vector datatype (HO)
Package: uniquecounter 2016/05/16 v1.3 Provide unlimited unique counter (HO)
)
Package hobsub Info: Skipping package `hobsub' (already loaded).
Package: letltxmacro 2016/05/16 v1.5 Let assignment for LaTeX macros (HO)
Package: hopatch 2016/05/16 v1.3 Wrapper for package hooks (HO)
Package: xcolor-patch 2016/05/16 xcolor patch
Package: atveryend 2016/05/16 v1.9 Hooks at the very end of document (HO)
Package: atbegshi 2016/06/09 v1.18 At begin shipout hook (HO)
Package: refcount 2016/05/16 v3.5 Data extraction from label references (HO)
Package: hycolor 2016/05/16 v1.8 Color options for hyperref/bookmark (HO)
)
("C:\Users\Carl Petter Duedahl\AppData\Local\Programs\MiKTeX 2.9\tex/generic/if
xetex\ifxetex.sty"
Package: ifxetex 2010/09/12 v0.6 Provides ifxetex conditional
)
("C:\Users\Carl Petter Duedahl\AppData\Local\Programs\MiKTeX 2.9\tex/latex/ober
diek\auxhook.sty"
Package: auxhook 2016/05/16 v1.4 Hooks for auxiliary files (HO)
)
("C:\Users\Carl Petter Duedahl\AppData\Local\Programs\MiKTeX 2.9\tex/latex/ober
diek\kvoptions.sty"
Package: kvoptions 2016/05/16 v3.12 Key value format for package options (HO)
)
\@linkdim=\dimen145
\Hy@linkcounter=\count267
\Hy@pagecounter=\count268

("C:\Users\Carl Petter Duedahl\AppData\Local\Programs\MiKTeX 2.9\tex/latex/hype
rref\pd1enc.def"
File: pd1enc.def 2019/06/12 v6.88h Hyperref: PDFDocEncoding definition (HO)
Now handling font encoding PD1 ...
... no UTF-8 mapping file for font encoding PD1
)
\Hy@SavedSpaceFactor=\count269

("C:\Users\Carl Petter Duedahl\AppData\Local\Programs\MiKTeX 2.9\tex/latex/00mi
ktex\hyperref.cfg"
File: hyperref.cfg 2002/06/06 v1.2 hyperref configuration of TeXLive
)
Package hyperref Info: Hyper figures OFF on input line 4550.
Package hyperref Info: Link nesting OFF on input line 4555.
Package hyperref Info: Hyper index ON on input line 4558.
Package hyperref Info: Plain pages OFF on input line 4565.
Package hyperref Info: Backreferencing OFF on input line 4570.
Package hyperref Info: Implicit mode ON; LaTeX internals redefined.
Package hyperref Info: Bookmarks ON on input line 4803.
LaTeX Info: Redefining \href on input line 5067.
\c@Hy@tempcnt=\count270
LaTeX Info: Redefining \url on input line 5156.
\XeTeXLinkMargin=\dimen146
\Fld@menulength=\count271
\Field@Width=\dimen147
\Fld@charsize=\dimen148
Package hyperref Info: Hyper figures OFF on input line 6411.
Package hyperref Info: Link nesting OFF on input line 6416.
Package hyperref Info: Hyper index ON on input line 6419.
Package hyperref Info: backreferencing OFF on input line 6426.
Package hyperref Info: Link coloring OFF on input line 6431.
Package hyperref Info: Link coloring with OCG OFF on input line 6436.
Package hyperref Info: PDF/A mode OFF on input line 6441.
LaTeX Info: Redefining \ref on input line 6481.
LaTeX Info: Redefining \pageref on input line 6485.
\Hy@abspage=\count272
\c@Item=\count273
\c@Hfootnote=\count274
)
Package hyperref Info: Driver (autodetected): hpdftex.

("C:\Users\Carl Petter Duedahl\AppData\Local\Programs\MiKTeX 2.9\tex/latex/hype
rref\hpdftex.def"
File: hpdftex.def 2019/06/12 v6.88h Hyperref driver for pdfTeX
\Fld@listcount=\count275
\c@bookmark@seq@number=\count276

("C:\Users\Carl Petter Duedahl\AppData\Local\Programs\MiKTeX 2.9\tex/latex/ober
diek\rerunfilecheck.sty"
Package: rerunfilecheck 2016/05/16 v1.8 Rerun checks for auxiliary files (HO)
Package uniquecounter Info: New unique counter `rerunfilecheck' on input line 2
82.
)
\Hy@SectionHShift=\skip55
)
("C:\Users\Carl Petter Duedahl\AppData\Local\Programs\MiKTeX 2.9\tex/latex/list
ings\listings.sty"
\lst@mode=\count277
\lst@gtempboxa=\box63
\lst@token=\toks26
\lst@length=\count278
\lst@currlwidth=\dimen149
\lst@column=\count279
\lst@pos=\count280
\lst@lostspace=\dimen150
\lst@width=\dimen151
\lst@newlines=\count281
\lst@lineno=\count282
\lst@maxwidth=\dimen152

("C:\Users\Carl Petter Duedahl\AppData\Local\Programs\MiKTeX 2.9\tex/latex/list
ings\lstmisc.sty"
File: lstmisc.sty 2019/09/10 1.8c (Carsten Heinz)
\c@lstnumber=\count283
\lst@skipnumbers=\count284
\lst@framebox=\box64
)
("C:\Users\Carl Petter Duedahl\AppData\Local\Programs\MiKTeX 2.9\tex/latex/list
ings\listings.cfg"
File: listings.cfg 2019/09/10 1.8c listings configuration
))
Package: listings 2019/09/10 1.8c (Carsten Heinz)

("C:\Users\Carl Petter Duedahl\AppData\Local\Programs\MiKTeX 2.9\tex/latex/subf
igure\subfigure.sty"
Package: subfigure 2002/07/30 v2.1.4 subfigure package
\subfigtopskip=\skip56
\subfigcapskip=\skip57
\subfigcaptopadj=\dimen153
\subfigbottomskip=\skip58
\subfigcapmargin=\dimen154
\subfiglabelskip=\skip59
\c@subfigure=\count285
\c@lofdepth=\count286
\c@subtable=\count287
\c@lotdepth=\count288

****************************************
* Local config file subfigure.cfg used *
****************************************

("C:\Users\Carl Petter Duedahl\AppData\Local\Programs\MiKTeX 2.9\tex/latex/subf
igure\subfigure.cfg")
\subfig@top=\skip60
\subfig@bottom=\skip61
)
("C:\Users\Carl Petter Duedahl\AppData\Local\Programs\MiKTeX 2.9\tex/latex/floa
t\float.sty"
Package: float 2001/11/08 v1.3d Float enhancements (AL)
\c@float@type=\count289
\float@exts=\toks27
\float@box=\box65
\@float@everytoks=\toks28
\@floatcapt=\box66
)
("C:\Users\Carl Petter Duedahl\AppData\Local\Programs\MiKTeX 2.9\tex/latex/algo
rithms\algorithm.sty"
Package: algorithm 2009/08/24 v0.1 Document Style `algorithm' - floating enviro
nment

("C:\Users\Carl Petter Duedahl\AppData\Local\Programs\MiKTeX 2.9\tex/latex/base
\ifthen.sty"
Package: ifthen 2014/09/29 v1.1c Standard LaTeX ifthen package (DPC)
)
\@float@every@algorithm=\toks29
\c@algorithm=\count290
)
("C:\Users\Carl Petter Duedahl\AppData\Local\Programs\MiKTeX 2.9\tex/latex/algo
rithmicx\algpseudocode.sty"
Package: algpseudocode 

("C:\Users\Carl Petter Duedahl\AppData\Local\Programs\MiKTeX 2.9\tex/latex/algo
rithmicx\algorithmicx.sty"
Package: algorithmicx 2005/04/27 v1.2 Algorithmicx

Document Style algorithmicx 1.2 - a greatly improved `algorithmic' style
\c@ALG@line=\count291
\c@ALG@rem=\count292
\c@ALG@nested=\count293
\ALG@tlm=\skip62
\ALG@thistlm=\skip63
\c@ALG@Lnr=\count294
\c@ALG@blocknr=\count295
\c@ALG@storecount=\count296
\c@ALG@tmpcounter=\count297
\ALG@tmplength=\skip64
)
Document Style - pseudocode environments for use with the `algorithmicx' style
)
("C:\Users\Carl Petter Duedahl\AppData\Local\Programs\MiKTeX 2.9\tex/latex/pgf/
frontendlayer\tikz.sty"
("C:\Users\Carl Petter Duedahl\AppData\Local\Programs\MiKTeX 2.9\tex/latex/pgf/
basiclayer\pgf.sty"
("C:\Users\Carl Petter Duedahl\AppData\Local\Programs\MiKTeX 2.9\tex/latex/pgf/
utilities\pgfrcs.sty"
("C:\Users\Carl Petter Duedahl\AppData\Local\Programs\MiKTeX 2.9\tex/generic/pg
f/utilities\pgfutil-common.tex"
\pgfutil@everybye=\toks30
\pgfutil@tempdima=\dimen155
\pgfutil@tempdimb=\dimen156

("C:\Users\Carl Petter Duedahl\AppData\Local\Programs\MiKTeX 2.9\tex/generic/pg
f/utilities\pgfutil-common-lists.tex"))
("C:\Users\Carl Petter Duedahl\AppData\Local\Programs\MiKTeX 2.9\tex/generic/pg
f/utilities\pgfutil-latex.def"
\pgfutil@abb=\box67

("C:\Users\Carl Petter Duedahl\AppData\Local\Programs\MiKTeX 2.9\tex/latex/ms\e
veryshi.sty"
Package: everyshi 2001/05/15 v3.00 EveryShipout Package (MS)
))
("C:\Users\Carl Petter Duedahl\AppData\Local\Programs\MiKTeX 2.9\tex/generic/pg
f/utilities\pgfrcs.code.tex"
("C:\Users\Carl Petter Duedahl\AppData\Local\Programs\MiKTeX 2.9\tex/generic/pg
f\pgf.revision.tex")
Package: pgfrcs 2020/01/08 v3.1.5b (3.1.5b)
))
Package: pgf 2020/01/08 v3.1.5b (3.1.5b)

("C:\Users\Carl Petter Duedahl\AppData\Local\Programs\MiKTeX 2.9\tex/latex/pgf/
basiclayer\pgfcore.sty"
("C:\Users\Carl Petter Duedahl\AppData\Local\Programs\MiKTeX 2.9\tex/latex/pgf/
systemlayer\pgfsys.sty"
("C:\Users\Carl Petter Duedahl\AppData\Local\Programs\MiKTeX 2.9\tex/generic/pg
f/systemlayer\pgfsys.code.tex"
Package: pgfsys 2020/01/08 v3.1.5b (3.1.5b)

("C:\Users\Carl Petter Duedahl\AppData\Local\Programs\MiKTeX 2.9\tex/generic/pg
f/utilities\pgfkeys.code.tex"
\pgfkeys@pathtoks=\toks31
\pgfkeys@temptoks=\toks32

("C:\Users\Carl Petter Duedahl\AppData\Local\Programs\MiKTeX 2.9\tex/generic/pg
f/utilities\pgfkeysfiltered.code.tex"
\pgfkeys@tmptoks=\toks33
))
\pgf@x=\dimen157
\pgf@y=\dimen158
\pgf@xa=\dimen159
\pgf@ya=\dimen160
\pgf@xb=\dimen161
\pgf@yb=\dimen162
\pgf@xc=\dimen163
\pgf@yc=\dimen164
\pgf@xd=\dimen165
\pgf@yd=\dimen166
\w@pgf@writea=\write4
\r@pgf@reada=\read3
\c@pgf@counta=\count298
\c@pgf@countb=\count299
\c@pgf@countc=\count300
\c@pgf@countd=\count301
\t@pgf@toka=\toks34
\t@pgf@tokb=\toks35
\t@pgf@tokc=\toks36
\pgf@sys@id@count=\count302

("C:\Users\Carl Petter Duedahl\AppData\Local\Programs\MiKTeX 2.9\tex/generic/pg
f/systemlayer\pgf.cfg"
File: pgf.cfg 2020/01/08 v3.1.5b (3.1.5b)
)
Driver file for pgf: pgfsys-pdftex.def

("C:\Users\Carl Petter Duedahl\AppData\Local\Programs\MiKTeX 2.9\tex/generic/pg
f/systemlayer\pgfsys-pdftex.def"
File: pgfsys-pdftex.def 2020/01/08 v3.1.5b (3.1.5b)

("C:\Users\Carl Petter Duedahl\AppData\Local\Programs\MiKTeX 2.9\tex/generic/pg
f/systemlayer\pgfsys-common-pdf.def"
File: pgfsys-common-pdf.def 2020/01/08 v3.1.5b (3.1.5b)
)))
("C:\Users\Carl Petter Duedahl\AppData\Local\Programs\MiKTeX 2.9\tex/generic/pg
f/systemlayer\pgfsyssoftpath.code.tex"
File: pgfsyssoftpath.code.tex 2020/01/08 v3.1.5b (3.1.5b)
\pgfsyssoftpath@smallbuffer@items=\count303
\pgfsyssoftpath@bigbuffer@items=\count304
)
("C:\Users\Carl Petter Duedahl\AppData\Local\Programs\MiKTeX 2.9\tex/generic/pg
f/systemlayer\pgfsysprotocol.code.tex"
File: pgfsysprotocol.code.tex 2020/01/08 v3.1.5b (3.1.5b)
))
("C:\Users\Carl Petter Duedahl\AppData\Local\Programs\MiKTeX 2.9\tex/generic/pg
f/basiclayer\pgfcore.code.tex"
Package: pgfcore 2020/01/08 v3.1.5b (3.1.5b)

("C:\Users\Carl Petter Duedahl\AppData\Local\Programs\MiKTeX 2.9\tex/generic/pg
f/math\pgfmath.code.tex"
("C:\Users\Carl Petter Duedahl\AppData\Local\Programs\MiKTeX 2.9\tex/generic/pg
f/math\pgfmathcalc.code.tex"
("C:\Users\Carl Petter Duedahl\AppData\Local\Programs\MiKTeX 2.9\tex/generic/pg
f/math\pgfmathutil.code.tex")
("C:\Users\Carl Petter Duedahl\AppData\Local\Programs\MiKTeX 2.9\tex/generic/pg
f/math\pgfmathparser.code.tex"
\pgfmath@dimen=\dimen167
\pgfmath@count=\count305
\pgfmath@box=\box68
\pgfmath@toks=\toks37
\pgfmath@stack@operand=\toks38
\pgfmath@stack@operation=\toks39
)
("C:\Users\Carl Petter Duedahl\AppData\Local\Programs\MiKTeX 2.9\tex/generic/pg
f/math\pgfmathfunctions.code.tex"
("C:\Users\Carl Petter Duedahl\AppData\Local\Programs\MiKTeX 2.9\tex/generic/pg
f/math\pgfmathfunctions.basic.code.tex")
("C:\Users\Carl Petter Duedahl\AppData\Local\Programs\MiKTeX 2.9\tex/generic/pg
f/math\pgfmathfunctions.trigonometric.code.tex")
("C:\Users\Carl Petter Duedahl\AppData\Local\Programs\MiKTeX 2.9\tex/generic/pg
f/math\pgfmathfunctions.random.code.tex")
("C:\Users\Carl Petter Duedahl\AppData\Local\Programs\MiKTeX 2.9\tex/generic/pg
f/math\pgfmathfunctions.comparison.code.tex")
("C:\Users\Carl Petter Duedahl\AppData\Local\Programs\MiKTeX 2.9\tex/generic/pg
f/math\pgfmathfunctions.base.code.tex")
("C:\Users\Carl Petter Duedahl\AppData\Local\Programs\MiKTeX 2.9\tex/generic/pg
f/math\pgfmathfunctions.round.code.tex")
("C:\Users\Carl Petter Duedahl\AppData\Local\Programs\MiKTeX 2.9\tex/generic/pg
f/math\pgfmathfunctions.misc.code.tex")
("C:\Users\Carl Petter Duedahl\AppData\Local\Programs\MiKTeX 2.9\tex/generic/pg
f/math\pgfmathfunctions.integerarithmetics.code.tex")))
("C:\Users\Carl Petter Duedahl\AppData\Local\Programs\MiKTeX 2.9\tex/generic/pg
f/math\pgfmathfloat.code.tex"
\c@pgfmathroundto@lastzeros=\count306
))
("C:\Users\Carl Petter Duedahl\AppData\Local\Programs\MiKTeX 2.9\tex/generic/pg
f/math\pgfint.code.tex")
("C:\Users\Carl Petter Duedahl\AppData\Local\Programs\MiKTeX 2.9\tex/generic/pg
f/basiclayer\pgfcorepoints.code.tex"
File: pgfcorepoints.code.tex 2020/01/08 v3.1.5b (3.1.5b)
\pgf@picminx=\dimen168
\pgf@picmaxx=\dimen169
\pgf@picminy=\dimen170
\pgf@picmaxy=\dimen171
\pgf@pathminx=\dimen172
\pgf@pathmaxx=\dimen173
\pgf@pathminy=\dimen174
\pgf@pathmaxy=\dimen175
\pgf@xx=\dimen176
\pgf@xy=\dimen177
\pgf@yx=\dimen178
\pgf@yy=\dimen179
\pgf@zx=\dimen180
\pgf@zy=\dimen181
)
("C:\Users\Carl Petter Duedahl\AppData\Local\Programs\MiKTeX 2.9\tex/generic/pg
f/basiclayer\pgfcorepathconstruct.code.tex"
File: pgfcorepathconstruct.code.tex 2020/01/08 v3.1.5b (3.1.5b)
\pgf@path@lastx=\dimen182
\pgf@path@lasty=\dimen183
)
("C:\Users\Carl Petter Duedahl\AppData\Local\Programs\MiKTeX 2.9\tex/generic/pg
f/basiclayer\pgfcorepathusage.code.tex"
File: pgfcorepathusage.code.tex 2020/01/08 v3.1.5b (3.1.5b)
\pgf@shorten@end@additional=\dimen184
\pgf@shorten@start@additional=\dimen185
)
("C:\Users\Carl Petter Duedahl\AppData\Local\Programs\MiKTeX 2.9\tex/generic/pg
f/basiclayer\pgfcorescopes.code.tex"
File: pgfcorescopes.code.tex 2020/01/08 v3.1.5b (3.1.5b)
\pgfpic=\box69
\pgf@hbox=\box70
\pgf@layerbox@main=\box71
\pgf@picture@serial@count=\count307
)
("C:\Users\Carl Petter Duedahl\AppData\Local\Programs\MiKTeX 2.9\tex/generic/pg
f/basiclayer\pgfcoregraphicstate.code.tex"
File: pgfcoregraphicstate.code.tex 2020/01/08 v3.1.5b (3.1.5b)
\pgflinewidth=\dimen186
)
("C:\Users\Carl Petter Duedahl\AppData\Local\Programs\MiKTeX 2.9\tex/generic/pg
f/basiclayer\pgfcoretransformations.code.tex"
File: pgfcoretransformations.code.tex 2020/01/08 v3.1.5b (3.1.5b)
\pgf@pt@x=\dimen187
\pgf@pt@y=\dimen188
\pgf@pt@temp=\dimen189
)
("C:\Users\Carl Petter Duedahl\AppData\Local\Programs\MiKTeX 2.9\tex/generic/pg
f/basiclayer\pgfcorequick.code.tex"
File: pgfcorequick.code.tex 2020/01/08 v3.1.5b (3.1.5b)
)
("C:\Users\Carl Petter Duedahl\AppData\Local\Programs\MiKTeX 2.9\tex/generic/pg
f/basiclayer\pgfcoreobjects.code.tex"
File: pgfcoreobjects.code.tex 2020/01/08 v3.1.5b (3.1.5b)
)
("C:\Users\Carl Petter Duedahl\AppData\Local\Programs\MiKTeX 2.9\tex/generic/pg
f/basiclayer\pgfcorepathprocessing.code.tex"
File: pgfcorepathprocessing.code.tex 2020/01/08 v3.1.5b (3.1.5b)
)
("C:\Users\Carl Petter Duedahl\AppData\Local\Programs\MiKTeX 2.9\tex/generic/pg
f/basiclayer\pgfcorearrows.code.tex"
File: pgfcorearrows.code.tex 2020/01/08 v3.1.5b (3.1.5b)
\pgfarrowsep=\dimen190
)
("C:\Users\Carl Petter Duedahl\AppData\Local\Programs\MiKTeX 2.9\tex/generic/pg
f/basiclayer\pgfcoreshade.code.tex"
File: pgfcoreshade.code.tex 2020/01/08 v3.1.5b (3.1.5b)
\pgf@max=\dimen191
\pgf@sys@shading@range@num=\count308
\pgf@shadingcount=\count309
)
("C:\Users\Carl Petter Duedahl\AppData\Local\Programs\MiKTeX 2.9\tex/generic/pg
f/basiclayer\pgfcoreimage.code.tex"
File: pgfcoreimage.code.tex 2020/01/08 v3.1.5b (3.1.5b)

("C:\Users\Carl Petter Duedahl\AppData\Local\Programs\MiKTeX 2.9\tex/generic/pg
f/basiclayer\pgfcoreexternal.code.tex"
File: pgfcoreexternal.code.tex 2020/01/08 v3.1.5b (3.1.5b)
\pgfexternal@startupbox=\box72
))
("C:\Users\Carl Petter Duedahl\AppData\Local\Programs\MiKTeX 2.9\tex/generic/pg
f/basiclayer\pgfcorelayers.code.tex"
File: pgfcorelayers.code.tex 2020/01/08 v3.1.5b (3.1.5b)
)
("C:\Users\Carl Petter Duedahl\AppData\Local\Programs\MiKTeX 2.9\tex/generic/pg
f/basiclayer\pgfcoretransparency.code.tex"
File: pgfcoretransparency.code.tex 2020/01/08 v3.1.5b (3.1.5b)
)
("C:\Users\Carl Petter Duedahl\AppData\Local\Programs\MiKTeX 2.9\tex/generic/pg
f/basiclayer\pgfcorepatterns.code.tex"
File: pgfcorepatterns.code.tex 2020/01/08 v3.1.5b (3.1.5b)
)
("C:\Users\Carl Petter Duedahl\AppData\Local\Programs\MiKTeX 2.9\tex/generic/pg
f/basiclayer\pgfcorerdf.code.tex"
File: pgfcorerdf.code.tex 2020/01/08 v3.1.5b (3.1.5b)
)))
("C:\Users\Carl Petter Duedahl\AppData\Local\Programs\MiKTeX 2.9\tex/generic/pg
f/modules\pgfmoduleshapes.code.tex"
File: pgfmoduleshapes.code.tex 2020/01/08 v3.1.5b (3.1.5b)
\pgfnodeparttextbox=\box73
)
("C:\Users\Carl Petter Duedahl\AppData\Local\Programs\MiKTeX 2.9\tex/generic/pg
f/modules\pgfmoduleplot.code.tex"
File: pgfmoduleplot.code.tex 2020/01/08 v3.1.5b (3.1.5b)
)
("C:\Users\Carl Petter Duedahl\AppData\Local\Programs\MiKTeX 2.9\tex/latex/pgf/
compatibility\pgfcomp-version-0-65.sty"
Package: pgfcomp-version-0-65 2020/01/08 v3.1.5b (3.1.5b)
\pgf@nodesepstart=\dimen192
\pgf@nodesepend=\dimen193
)
("C:\Users\Carl Petter Duedahl\AppData\Local\Programs\MiKTeX 2.9\tex/latex/pgf/
compatibility\pgfcomp-version-1-18.sty"
Package: pgfcomp-version-1-18 2020/01/08 v3.1.5b (3.1.5b)
))
("C:\Users\Carl Petter Duedahl\AppData\Local\Programs\MiKTeX 2.9\tex/latex/pgf/
utilities\pgffor.sty"
("C:\Users\Carl Petter Duedahl\AppData\Local\Programs\MiKTeX 2.9\tex/latex/pgf/
utilities\pgfkeys.sty"
("C:\Users\Carl Petter Duedahl\AppData\Local\Programs\MiKTeX 2.9\tex/generic/pg
f/utilities\pgfkeys.code.tex"))
("C:\Users\Carl Petter Duedahl\AppData\Local\Programs\MiKTeX 2.9\tex/latex/pgf/
math\pgfmath.sty"
("C:\Users\Carl Petter Duedahl\AppData\Local\Programs\MiKTeX 2.9\tex/generic/pg
f/math\pgfmath.code.tex"))
("C:\Users\Carl Petter Duedahl\AppData\Local\Programs\MiKTeX 2.9\tex/generic/pg
f/utilities\pgffor.code.tex"
Package: pgffor 2020/01/08 v3.1.5b (3.1.5b)

("C:\Users\Carl Petter Duedahl\AppData\Local\Programs\MiKTeX 2.9\tex/generic/pg
f/math\pgfmath.code.tex")
\pgffor@iter=\dimen194
\pgffor@skip=\dimen195
\pgffor@stack=\toks40
\pgffor@toks=\toks41
))
("C:\Users\Carl Petter Duedahl\AppData\Local\Programs\MiKTeX 2.9\tex/generic/pg
f/frontendlayer/tikz\tikz.code.tex"
Package: tikz 2020/01/08 v3.1.5b (3.1.5b)

("C:\Users\Carl Petter Duedahl\AppData\Local\Programs\MiKTeX 2.9\tex/generic/pg
f/libraries\pgflibraryplothandlers.code.tex"
File: pgflibraryplothandlers.code.tex 2020/01/08 v3.1.5b (3.1.5b)
\pgf@plot@mark@count=\count310
\pgfplotmarksize=\dimen196
)
\tikz@lastx=\dimen197
\tikz@lasty=\dimen198
\tikz@lastxsaved=\dimen199
\tikz@lastysaved=\dimen256
\tikz@lastmovetox=\dimen257
\tikz@lastmovetoy=\dimen258
\tikzleveldistance=\dimen259
\tikzsiblingdistance=\dimen260
\tikz@figbox=\box74
\tikz@figbox@bg=\box75
\tikz@tempbox=\box76
\tikz@tempbox@bg=\box77
\tikztreelevel=\count311
\tikznumberofchildren=\count312
\tikznumberofcurrentchild=\count313
\tikz@fig@count=\count314

("C:\Users\Carl Petter Duedahl\AppData\Local\Programs\MiKTeX 2.9\tex/generic/pg
f/modules\pgfmodulematrix.code.tex"
File: pgfmodulematrix.code.tex 2020/01/08 v3.1.5b (3.1.5b)
\pgfmatrixcurrentrow=\count315
\pgfmatrixcurrentcolumn=\count316
\pgf@matrix@numberofcolumns=\count317
)
\tikz@expandcount=\count318

("C:\Users\Carl Petter Duedahl\AppData\Local\Programs\MiKTeX 2.9\tex/generic/pg
f/frontendlayer/tikz/libraries\tikzlibrarytopaths.code.tex"
File: tikzlibrarytopaths.code.tex 2020/01/08 v3.1.5b (3.1.5b)
)))
("C:\Users\Carl Petter Duedahl\AppData\Local\Programs\MiKTeX 2.9\tex/latex/quan
tikz\tikzlibraryquantikz.code.tex"
("C:\Users\Carl Petter Duedahl\AppData\Local\Programs\MiKTeX 2.9\tex/latex/xarg
s\xargs.sty"
Package: xargs 2008/03/22 v1.1  extended macro definitions  (mpg)

("C:\Users\Carl Petter Duedahl\AppData\Local\Programs\MiKTeX 2.9\tex/latex/xkey
val\xkeyval.sty"
Package: xkeyval 2014/12/03 v2.7a package option processing (HA)

("C:\Users\Carl Petter Duedahl\AppData\Local\Programs\MiKTeX 2.9\tex/generic/xk
eyval\xkeyval.tex"
("C:\Users\Carl Petter Duedahl\AppData\Local\Programs\MiKTeX 2.9\tex/generic/xk
eyval\xkvutils.tex"
\XKV@toks=\toks42
\XKV@tempa@toks=\toks43
)
\XKV@depth=\count319
File: xkeyval.tex 2014/12/03 v2.7a key=value parser (HA)
))
\xargs@max=\count320
\xargs@toksa=\toks44
\xargs@toksb=\toks45
)
("C:\Users\Carl Petter Duedahl\AppData\Local\Programs\MiKTeX 2.9\tex/latex/xstr
ing\xstring.sty"
("C:\Users\Carl Petter Duedahl\AppData\Local\Programs\MiKTeX 2.9\tex/generic/xs
tring\xstring.tex"
\integerpart=\count321
\decimalpart=\count322
)
Package: xstring 2021/07/21 v1.84 String manipulations (CT)
)
("C:\Users\Carl Petter Duedahl\AppData\Local\Programs\MiKTeX 2.9\tex/latex/etoo
lbox\etoolbox.sty"
Package: etoolbox 2020/08/24 v2.5j e-TeX tools for LaTeX (JAW)
\etb@tempcnta=\count323
)
("C:\Users\Carl Petter Duedahl\AppData\Local\Programs\MiKTeX 2.9\tex/latex/math
tools\mathtools.sty"
Package: mathtools 2021/04/12 v1.27 mathematical typesetting tools

("C:\Users\Carl Petter Duedahl\AppData\Local\Programs\MiKTeX 2.9\tex/latex/tool
s\calc.sty"
Package: calc 2017/05/25 v4.3 Infix arithmetic (KKT,FJ)
\calc@Acount=\count324
\calc@Bcount=\count325
\calc@Adimen=\dimen261
\calc@Bdimen=\dimen262
\calc@Askip=\skip65
\calc@Bskip=\skip66
LaTeX Info: Redefining \setlength on input line 80.
LaTeX Info: Redefining \addtolength on input line 81.
\calc@Ccount=\count326
\calc@Cskip=\skip67
)
("C:\Users\Carl Petter Duedahl\AppData\Local\Programs\MiKTeX 2.9\tex/latex/math
tools\mhsetup.sty"
Package: mhsetup 2021/03/18 v1.4 programming setup (MH)
)
LaTeX Info: Thecontrolsequence`\('isalreadyrobust on input line 130.
LaTeX Info: Thecontrolsequence`\)'isalreadyrobust on input line 130.
LaTeX Info: Thecontrolsequence`\['isalreadyrobust on input line 130.
LaTeX Info: Thecontrolsequence`\]'isalreadyrobust on input line 130.
\g_MT_multlinerow_int=\count327
\l_MT_multwidth_dim=\dimen263
\origjot=\skip68
\l_MT_shortvdotswithinadjustabove_dim=\dimen264
\l_MT_shortvdotswithinadjustbelow_dim=\dimen265
\l_MT_above_intertext_sep=\dimen266
\l_MT_below_intertext_sep=\dimen267
\l_MT_above_shortintertext_sep=\dimen268
\l_MT_below_shortintertext_sep=\dimen269
\xmathstrut@box=\box78
\xmathstrut@dim=\dimen270
)
("C:\Users\Carl Petter Duedahl\AppData\Local\Programs\MiKTeX 2.9\tex/latex/envi
ron\environ.sty"
Package: environ 2014/05/04 v0.3 A new way to define environments

("C:\Users\Carl Petter Duedahl\AppData\Local\Programs\MiKTeX 2.9\tex/latex/trim
spaces\trimspaces.sty"
Package: trimspaces 2009/09/17 v1.1 Trim spaces around a token list
))
("C:\Users\Carl Petter Duedahl\AppData\Local\Programs\MiKTeX 2.9\tex/latex/tikz
-cd\tikzlibrarycd.code.tex"
("C:\Users\Carl Petter Duedahl\AppData\Local\Programs\MiKTeX 2.9\tex/generic/pg
f/frontendlayer/tikz/libraries\tikzlibrarymatrix.code.tex"
File: tikzlibrarymatrix.code.tex 2020/01/08 v3.1.5b (3.1.5b)
)
("C:\Users\Carl Petter Duedahl\AppData\Local\Programs\MiKTeX 2.9\tex/generic/pg
f/frontendlayer/tikz/libraries\tikzlibraryquotes.code.tex"
File: tikzlibraryquotes.code.tex 2020/01/08 v3.1.5b (3.1.5b)
)
("C:\Users\Carl Petter Duedahl\AppData\Local\Programs\MiKTeX 2.9\tex/generic/pg
f/libraries\pgflibraryarrows.meta.code.tex"
File: pgflibraryarrows.meta.code.tex 2020/01/08 v3.1.5b (3.1.5b)
\pgfarrowinset=\dimen271
\pgfarrowlength=\dimen272
\pgfarrowwidth=\dimen273
\pgfarrowlinewidth=\dimen274
))
("C:\Users\Carl Petter Duedahl\AppData\Local\Programs\MiKTeX 2.9\tex/generic/pg
f/frontendlayer/tikz/libraries\tikzlibrarydecorations.pathreplacing.code.tex"
("C:\Users\Carl Petter Duedahl\AppData\Local\Programs\MiKTeX 2.9\tex/generic/pg
f/frontendlayer/tikz/libraries\tikzlibrarydecorations.code.tex"
("C:\Users\Carl Petter Duedahl\AppData\Local\Programs\MiKTeX 2.9\tex/generic/pg
f/modules\pgfmoduledecorations.code.tex"
\pgfdecoratedcompleteddistance=\dimen275
\pgfdecoratedremainingdistance=\dimen276
\pgfdecoratedinputsegmentcompleteddistance=\dimen277
\pgfdecoratedinputsegmentremainingdistance=\dimen278
\pgf@decorate@distancetomove=\dimen279
\pgf@decorate@repeatstate=\count328
\pgfdecorationsegmentamplitude=\dimen280
\pgfdecorationsegmentlength=\dimen281
)
\tikz@lib@dec@box=\box79
)
("C:\Users\Carl Petter Duedahl\AppData\Local\Programs\MiKTeX 2.9\tex/generic/pg
f/libraries/decorations\pgflibrarydecorations.pathreplacing.code.tex"))
("C:\Users\Carl Petter Duedahl\AppData\Local\Programs\MiKTeX 2.9\tex/generic/pg
f/frontendlayer/tikz/libraries\tikzlibrarycalc.code.tex"
File: tikzlibrarycalc.code.tex 2020/01/08 v3.1.5b (3.1.5b)
)
("C:\Users\Carl Petter Duedahl\AppData\Local\Programs\MiKTeX 2.9\tex/generic/pg
f/frontendlayer/tikz/libraries\tikzlibrarypositioning.code.tex"
File: tikzlibrarypositioning.code.tex 2020/01/08 v3.1.5b (3.1.5b)
)
("C:\Users\Carl Petter Duedahl\AppData\Local\Programs\MiKTeX 2.9\tex/generic/pg
f/frontendlayer/tikz/libraries\tikzlibraryfit.code.tex"
File: tikzlibraryfit.code.tex 2020/01/08 v3.1.5b (3.1.5b)
)
("C:\Users\Carl Petter Duedahl\AppData\Local\Programs\MiKTeX 2.9\tex/generic/pg
f/frontendlayer/tikz/libraries\tikzlibraryshapes.symbols.code.tex"
File: tikzlibraryshapes.symbols.code.tex 2020/01/08 v3.1.5b (3.1.5b)

("C:\Users\Carl Petter Duedahl\AppData\Local\Programs\MiKTeX 2.9\tex/generic/pg
f/libraries/shapes\pgflibraryshapes.symbols.code.tex"
File: pgflibraryshapes.symbols.code.tex 2020/01/08 v3.1.5b (3.1.5b)
))
("C:\Users\Carl Petter Duedahl\AppData\Local\Programs\MiKTeX 2.9\tex/generic/pg
f/frontendlayer/tikz/libraries\tikzlibrarydecorations.pathmorphing.code.tex"
("C:\Users\Carl Petter Duedahl\AppData\Local\Programs\MiKTeX 2.9\tex/generic/pg
f/libraries/decorations\pgflibrarydecorations.pathmorphing.code.tex"))
("C:\Users\Carl Petter Duedahl\AppData\Local\Programs\MiKTeX 2.9\tex/generic/pg
f/frontendlayer/tikz/libraries\tikzlibraryshapes.misc.code.tex"
File: tikzlibraryshapes.misc.code.tex 2020/01/08 v3.1.5b (3.1.5b)

("C:\Users\Carl Petter Duedahl\AppData\Local\Programs\MiKTeX 2.9\tex/generic/pg
f/libraries/shapes\pgflibraryshapes.misc.code.tex"
File: pgflibraryshapes.misc.code.tex 2020/01/08 v3.1.5b (3.1.5b)
))
("C:\Users\Carl Petter Duedahl\AppData\Local\Programs\MiKTeX 2.9\tex/generic/pg
f/frontendlayer/tikz/libraries\tikzlibrarybackgrounds.code.tex"
File: tikzlibrarybackgrounds.code.tex 2020/01/08 v3.1.5b (3.1.5b)
\pgf@layerbox@background=\box80
\pgf@layerboxsaved@background=\box81
)
("C:\Users\Carl Petter Duedahl\AppData\Local\Programs\MiKTeX 2.9\tex/generic/pg
f/frontendlayer/tikz/libraries\tikzlibrarydecorations.markings.code.tex"
("C:\Users\Carl Petter Duedahl\AppData\Local\Programs\MiKTeX 2.9\tex/generic/pg
f/libraries/decorations\pgflibrarydecorations.markings.code.tex"))
("C:\Users\Carl Petter Duedahl\AppData\Local\Programs\MiKTeX 2.9\tex/generic/pg
f/frontendlayer/tikz/libraries\tikzlibrarymath.code.tex"
("C:\Users\Carl Petter Duedahl\AppData\Local\Programs\MiKTeX 2.9\tex/generic/pg
f/frontendlayer/tikz/libraries\tikzlibraryfpu.code.tex"
("C:\Users\Carl Petter Duedahl\AppData\Local\Programs\MiKTeX 2.9\tex/generic/pg
f/libraries\pgflibraryfpu.code.tex"))
\tikz@math@for@depth=\count329
\tikz@math@dimen=\dimen282
\tikz@math@toks=\toks46
)
\myl=\skip69
\myh=\skip70
\myd=\skip71
\c@aaa=\count330
LaTeX Font Info:    Try loading font information for U+msa on input line 142.

("C:\Users\Carl Petter Duedahl\AppData\Local\Programs\MiKTeX 2.9\tex/latex/amsf
onts\umsa.fd"
File: umsa.fd 2013/01/14 v3.01 AMS symbols A
)
LaTeX Font Info:    Try loading font information for U+msb on input line 142.

("C:\Users\Carl Petter Duedahl\AppData\Local\Programs\MiKTeX 2.9\tex/latex/amsf
onts\umsb.fd"
File: umsb.fd 2013/01/14 v3.01 AMS symbols B
))
Package hyperref Info: Option `colorlinks' set `true' on input line 35.
Class revtex4-1 Info: Patching LaTeX tabular. on input line 75.


Class revtex4-1 Warning: Repair the float package.

Class revtex4-1 Info: Robustifying \LaTeX's \boldmath command on input line 75.

Class revtex4-1 Info: cite was not loaded (OK!) on input line 75.
Class revtex4-1 Info: mcite was not loaded (OK!) on input line 75.
Class revtex4-1 Info: multicol was not loaded (OK!) on input line 75.
(project1current.aux)
\openout1 = `project1current.aux'.

LaTeX Font Info:    Checking defaults for OML/cmm/m/it on input line 75.
LaTeX Font Info:    ... okay on input line 75.
LaTeX Font Info:    Checking defaults for T1/cmr/m/n on input line 75.
LaTeX Font Info:    ... okay on input line 75.
LaTeX Font Info:    Checking defaults for OT1/cmr/m/n on input line 75.
LaTeX Font Info:    ... okay on input line 75.
LaTeX Font Info:    Checking defaults for OMS/cmsy/m/n on input line 75.
LaTeX Font Info:    ... okay on input line 75.
LaTeX Font Info:    Checking defaults for OMX/cmex/m/n on input line 75.
LaTeX Font Info:    ... okay on input line 75.
LaTeX Font Info:    Checking defaults for U/cmr/m/n on input line 75.
LaTeX Font Info:    ... okay on input line 75.
LaTeX Font Info:    Checking defaults for PD1/pdf/m/n on input line 75.
LaTeX Font Info:    ... okay on input line 75.

("C:\Users\Carl Petter Duedahl\AppData\Local\Programs\MiKTeX 2.9\tex/context/ba
se/mkii\supp-pdf.mkii"
[Loading MPS to PDF converter (version 2006.09.02).]
\scratchcounter=\count331
\scratchdimen=\dimen283
\scratchbox=\box82
\nofMPsegments=\count332
\nofMParguments=\count333
\everyMPshowfont=\toks47
\MPscratchCnt=\count334
\MPscratchDim=\dimen284
\MPnumerator=\count335
\makeMPintoPDFobject=\count336
\everyMPtoPDFconversion=\toks48
)
("C:\Users\Carl Petter Duedahl\AppData\Local\Programs\MiKTeX 2.9\tex/latex/ober
diek\epstopdf-base.sty"
Package: epstopdf-base 2016/05/15 v2.6 Base part for package epstopdf

("C:\Users\Carl Petter Duedahl\AppData\Local\Programs\MiKTeX 2.9\tex/latex/ober
diek\grfext.sty"
Package: grfext 2016/05/16 v1.2 Manage graphics extensions (HO)
)
Package epstopdf-base Info: Redefining graphics rule for `.eps' on input line 4
38.
Package grfext Info: Graphics extension search list:
(grfext)             [.pdf,.png,.jpg,.mps,.jpeg,.jbig2,.jb2,.PDF,.PNG,.JPG,.JPE
G,.JBIG2,.JB2,.eps]
(grfext)             \AppendGraphicsExtensions on input line 456.
)
\AtBeginShipoutBox=\box83
Package hyperref Info: Link coloring ON on input line 75.

("C:\Users\Carl Petter Duedahl\AppData\Local\Programs\MiKTeX 2.9\tex/latex/hype
rref\nameref.sty"
Package: nameref 2016/05/21 v2.44 Cross-referencing by name of section

("C:\Users\Carl Petter Duedahl\AppData\Local\Programs\MiKTeX 2.9\tex/generic/ob
erdiek\gettitlestring.sty"
Package: gettitlestring 2016/05/16 v1.5 Cleanup title references (HO)
)
\c@section@level=\count337
)
LaTeX Info: Redefining \ref on input line 75.
LaTeX Info: Redefining \pageref on input line 75.
LaTeX Info: Redefining \nameref on input line 75.
 (project1current.out) (project1current.out)
\@outlinefile=\write5
\openout5 = `project1current.out'.

\c@lstlisting=\count338

ABD: EveryShipout initializing macros
Class revtex4-1 Info: Taking \maketitle back from hyperref on input line 75.
\openout3 = `project1currentNotes.bib'.


Underfull \hbox (badness 10000) in paragraph at lines 136--137

 []


Underfull \hbox (badness 10000) in paragraph at lines 140--141

 []

[1{C:/Users/Carl Petter Duedahl/AppData/Local/MiKTeX/2.9/pdftex/config/pdftex.m
ap}] [2]
Package hyperref Info: bookmark level for unknown algorithm defaults to 0 on in
put line 243.

Underfull \hbox (badness 10000) in paragraph at lines 347--348

 []

<Images/problem7NEW10.jpg, id=123, 578.16pt x 578.16pt>
File: Images/problem7NEW10.jpg Graphic file (type jpg)
<use Images/problem7NEW10.jpg>
Package pdftex.def Info: Images/problem7NEW10.jpg  used on input line 357.
(pdftex.def)             Requested size: 375.79955pt x 375.79955pt.
[3]
<Images/problem7NEW100.jpg, id=134, 578.16pt x 578.16pt>
File: Images/problem7NEW100.jpg Graphic file (type jpg)
<use Images/problem7NEW100.jpg>
Package pdftex.def Info: Images/problem7NEW100.jpg  used on input line 364.
(pdftex.def)             Requested size: 375.79955pt x 375.79955pt.
<Images/problem7NEW1000.jpg, id=135, 578.16pt x 578.16pt>
File: Images/problem7NEW1000.jpg Graphic file (type jpg)
<use Images/problem7NEW1000.jpg>
Package pdftex.def Info: Images/problem7NEW1000.jpg  used on input line 371.
(pdftex.def)             Requested size: 375.79955pt x 375.79955pt.
<abserr.png, id=137, 578.16pt x 578.16pt>
File: abserr.png Graphic file (type png)
<use abserr.png>
Package pdftex.def Info: abserr.png  used on input line 385.
(pdftex.def)             Requested size: 375.79955pt x 375.79955pt.
 [4pdfTeX warning (ext4): destination with the same identifier (name{figure.1})
 has been already used, duplicate ignored

\AtBegShi@Output ...ipout \box \AtBeginShipoutBox 
                                                  \fi \fi 
l.412 
       <./Images/problem7NEW10.jpg>] [5pdfTeX warning (ext4): destination with 
the same identifier (name{figure.2}) has been already used, duplicate ignored

\AtBegShi@Output ...ipout \box \AtBeginShipoutBox 
                                                  \fi \fi 
l.412 
       <./Images/problem7NEW100.jpg>] [6pdfTeX warning (ext4): destination with
 the same identifier (name{figure.3}) has been already used, duplicate ignored

\AtBegShi@Output ...ipout \box \AtBeginShipoutBox 
                                                  \fi \fi 
l.412 
       <./Images/problem7NEW1000.jpg>] [7pdfTeX warning (ext4): destination wit
h the same identifier (name{figure.4}) has been already used, duplicate ignored


\AtBegShi@Output ...ipout \box \AtBeginShipoutBox 
                                                  \fi \fi 
l.412 
       <./abserr.png>]
Underfull \hbox (badness 10000) in paragraph at lines 419--420

 []

No file project1current.bbl.
[8]
Package atveryend Info: Executing hook `AtVeryEndDocument' on input line 429.
Package atveryend Info: Empty hook `AfterLastShipout' on input line 429.
 (project1current.aux)
Package atveryend Info: Executing hook `AtEndAfterFileList' on input line 429.
Package rerunfilecheck Info: File `project1current.out' has not changed.
(rerunfilecheck)             Checksum: 931A862DA91D93FE57E0EC176A2420C3;1202.
 ) 
Here is how much of TeX's memory you used:
 35929 strings out of 492895
 701274 string characters out of 3117195
 779907 words of memory out of 3000000
 39320 multiletter control sequences out of 15000+200000
 544250 words of font info for 63 fonts, out of 3000000 for 9000
 1141 hyphenation exceptions out of 8191
 55i,14n,93p,1185b,550s stack positions out of 5000i,500n,10000p,200000b,50000s
<C:/Users/Carl Petter Duedahl/AppData/Local/Programs/MiKTeX 2.9/fonts/type1/p
ublic/amsfonts/cm/cmbsy10.pfb><C:/Users/Carl Petter Duedahl/AppData/Local/Progr
ams/MiKTeX 2.9/fonts/type1/public/amsfonts/cm/cmbx10.pfb><C:/Users/Carl Petter 
Duedahl/AppData/Local/Programs/MiKTeX 2.9/fonts/type1/public/amsfonts/cm/cmbx12
.pfb><C:/Users/Carl Petter Duedahl/AppData/Local/Programs/MiKTeX 2.9/fonts/type
1/public/amsfonts/cm/cmbx9.pfb><C:/Users/Carl Petter Duedahl/AppData/Local/Prog
rams/MiKTeX 2.9/fonts/type1/public/amsfonts/cm/cmex10.pfb><C:/Users/Carl Petter
 Duedahl/AppData/Local/Programs/MiKTeX 2.9/fonts/type1/public/amsfonts/cmextra/
cmex9.pfb><C:/Users/Carl Petter Duedahl/AppData/Local/Programs/MiKTeX 2.9/fonts
/type1/public/amsfonts/cm/cmmi10.pfb><C:/Users/Carl Petter Duedahl/AppData/Loca
l/Programs/MiKTeX 2.9/fonts/type1/public/amsfonts/cm/cmmi5.pfb><C:/Users/Carl P
etter Duedahl/AppData/Local/Programs/MiKTeX 2.9/fonts/type1/public/amsfonts/cm/
cmmi6.pfb><C:/Users/Carl Petter Duedahl/AppData/Local/Programs/MiKTeX 2.9/fonts
/type1/public/amsfonts/cm/cmmi7.pfb><C:/Users/Carl Petter Duedahl/AppData/Local
/Programs/MiKTeX 2.9/fonts/type1/public/amsfonts/cm/cmmi9.pfb><C:/Users/Carl Pe
tter Duedahl/AppData/Local/Programs/MiKTeX 2.9/fonts/type1/public/amsfonts/cm/c
mr10.pfb><C:/Users/Carl Petter Duedahl/AppData/Local/Programs/MiKTeX 2.9/fonts/
type1/public/amsfonts/cm/cmr5.pfb><C:/Users/Carl Petter Duedahl/AppData/Local/P
rograms/MiKTeX 2.9/fonts/type1/public/amsfonts/cm/cmr6.pfb><C:/Users/Carl Pette
r Duedahl/AppData/Local/Programs/MiKTeX 2.9/fonts/type1/public/amsfonts/cm/cmr7
.pfb><C:/Users/Carl Petter Duedahl/AppData/Local/Programs/MiKTeX 2.9/fonts/type
1/public/amsfonts/cm/cmr9.pfb><C:/Users/Carl Petter Duedahl/AppData/Local/Progr
ams/MiKTeX 2.9/fonts/type1/public/amsfonts/cm/cmsy10.pfb><C:/Users/Carl Petter 
Duedahl/AppData/Local/Programs/MiKTeX 2.9/fonts/type1/public/amsfonts/cm/cmsy5.
pfb><C:/Users/Carl Petter Duedahl/AppData/Local/Programs/MiKTeX 2.9/fonts/type1
/public/amsfonts/cm/cmsy6.pfb><C:/Users/Carl Petter Duedahl/AppData/Local/Progr
ams/MiKTeX 2.9/fonts/type1/public/amsfonts/cm/cmsy7.pfb><C:/Users/Carl Petter D
uedahl/AppData/Local/Programs/MiKTeX 2.9/fonts/type1/public/amsfonts/cm/cmsy9.p
fb><C:/Users/Carl Petter Duedahl/AppData/Local/Programs/MiKTeX 2.9/fonts/type1/
public/amsfonts/cm/cmti10.pfb>
Output written on project1current.pdf (8 pages, 425135 bytes).
PDF statistics:
 247 PDF objects out of 1000 (max. 8388607)
 39 named destinations out of 1000 (max. 500000)
 201 words of extra memory for PDF output out of 10000 (max. 10000000)

