\BOOKMARK [0][-]{section*.1}{Prosjekt 1}{}% 1
\BOOKMARK [1][-]{section*.2}{Problem 1}{section*.1}% 2
\BOOKMARK [1][-]{section*.3}{Problem 2}{section*.1}% 3
\BOOKMARK [1][-]{section*.4}{Problem 3}{section*.1}% 4
\BOOKMARK [1][-]{section*.5}{Problem 4}{section*.1}% 5
\BOOKMARK [1][-]{section*.6}{Problem 5}{section*.1}% 6
\BOOKMARK [2][-]{section*.7}{Problem a}{section*.6}% 7
\BOOKMARK [2][-]{section*.8}{Problem b}{section*.6}% 8
\BOOKMARK [1][-]{section*.9}{Problem 6}{section*.1}% 9
\BOOKMARK [1][-]{section*.10}{Problem a}{section*.1}% 10
\BOOKMARK [2][-]{section*.11}{Problem b}{section*.10}% 11
\BOOKMARK [1][-]{section*.12}{Problem 7}{section*.1}% 12
\BOOKMARK [2][-]{section*.13}{Problem a}{section*.12}% 13
\BOOKMARK [2][-]{section*.14}{Problem b}{section*.12}% 14
\BOOKMARK [1][-]{section*.15}{Problem 8}{section*.1}% 15
\BOOKMARK [2][-]{section*.16}{Problem a}{section*.15}% 16
\BOOKMARK [2][-]{section*.17}{Problem c}{section*.15}% 17
\BOOKMARK [1][-]{section*.18}{Problem 9}{section*.1}% 18
\BOOKMARK [2][-]{section*.19}{Problem a}{section*.18}% 19
\BOOKMARK [2][-]{section*.20}{problem b}{section*.18}% 20
\BOOKMARK [2][-]{section*.21}{Problem c}{section*.18}% 21
\BOOKMARK [1][-]{section*.22}{Problem 10}{section*.1}% 22
\BOOKMARK [1][-]{section*.23}{Problem 11}{section*.1}% 23
